<?xml version="1.0" encoding="UTF-8"?>
<testsuites name="Mocha Tests" time="14.9550" tests="2" failures="0">
  <testsuite name="Root Suite" timestamp="2021-05-03T00:32:10" tests="0" file="cypress/integration/examples/SubmitFeedback.js" time="0.0000" failures="0">
  </testsuite>
  <testsuite name="Admin Portal" timestamp="2021-05-03T00:32:10" tests="2" time="14.9550" failures="0">
    <testcase name="Admin Portal Submit Feedback" time="7.1480" classname="Submit Feedback">
    </testcase>
    <testcase name="Admin Portal Multiple data sets" time="7.8070" classname="Multiple data sets">
    </testcase>
  </testsuite>
</testsuites>